56941088476:ENCOLADO ans_a6be0448-c1ec-485b-9e36-49e815a08c70
EJECUTANDO:ans_a6be0448-c1ec-485b-9e36-49e815a08c70
56941088476:SUCCESS
56941088476:ENCOLADO ans_2ea04ee1-072e-4408-aa44-6e41eadea413
EJECUTANDO:ans_2ea04ee1-072e-4408-aa44-6e41eadea413
56941088476:SUCCESS
56941088476:ENCOLADO ans_d2541628-ce7c-4623-9ea2-ed3ea4f6ae93
EJECUTANDO:ans_d2541628-ce7c-4623-9ea2-ed3ea4f6ae93
56941088476:SUCCESS
56941088476:ENCOLADO ans_976b2857-77ac-4745-b275-8e048852fd56
EJECUTANDO:ans_976b2857-77ac-4745-b275-8e048852fd56
56941088476:SUCCESS
56941088476:ENCOLADO ans_815b0f76-f862-4013-be8f-2b61ec071c7a
EJECUTANDO:ans_815b0f76-f862-4013-be8f-2b61ec071c7a
56941088476:ENCOLADO ans_a6be0448-c1ec-485b-9e36-49e815a08c70
56941088476:ENCOLADO ans_a6be0448-c1ec-485b-9e36-49e815a08c70
56941088476:ENCOLADO ans_2ea04ee1-072e-4408-aa44-6e41eadea413
EJECUTANDO:ans_2ea04ee1-072e-4408-aa44-6e41eadea413
56941088476:SUCCESS
56941088476:ENCOLADO ans_a6be0448-c1ec-485b-9e36-49e815a08c70
EJECUTANDO:ans_a6be0448-c1ec-485b-9e36-49e815a08c70
56941088476:SUCCESS
56941088476:ENCOLADO ans_2ea04ee1-072e-4408-aa44-6e41eadea413
EJECUTANDO:ans_2ea04ee1-072e-4408-aa44-6e41eadea413
56941088476:SUCCESS
56941088476:ENCOLADO ans_ca315139-eeda-4710-a3ed-3e62b2b62066
EJECUTANDO:ans_ca315139-eeda-4710-a3ed-3e62b2b62066
56941088476:SUCCESS
56941088476:ENCOLADO ans_2efe0514-014a-4643-93d8-3fac7b249ad7
EJECUTANDO:ans_2efe0514-014a-4643-93d8-3fac7b249ad7
56941088476:ENCOLADO ans_a6be0448-c1ec-485b-9e36-49e815a08c70
56941088476:ENCOLADO ans_a6be0448-c1ec-485b-9e36-49e815a08c70
56941088476:ENCOLADO ans_2ea04ee1-072e-4408-aa44-6e41eadea413
EJECUTANDO:ans_2ea04ee1-072e-4408-aa44-6e41eadea413
56941088476:SUCCESS
56941088476:ENCOLADO ans_359e3e57-4af9-4326-ac82-a2789641a264
EJECUTANDO:ans_359e3e57-4af9-4326-ac82-a2789641a264
56941088476:SUCCESS
56941088476:ENCOLADO ans_b7e25109-55ad-47f9-b07e-7db0aae53366
EJECUTANDO:ans_b7e25109-55ad-47f9-b07e-7db0aae53366
56941088476:ENCOLADO ans_dc6dc06b-23e7-4a14-bfc4-bbf6e9b74839
56941088476:ENCOLADO ans_a6be0448-c1ec-485b-9e36-49e815a08c70
56941088476:ENCOLADO ans_a6be0448-c1ec-485b-9e36-49e815a08c70
56941088476:ENCOLADO ans_2ea04ee1-072e-4408-aa44-6e41eadea413
EJECUTANDO:ans_2ea04ee1-072e-4408-aa44-6e41eadea413
56941088476:SUCCESS
56941088476:ENCOLADO ans_a6be0448-c1ec-485b-9e36-49e815a08c70
EJECUTANDO:ans_a6be0448-c1ec-485b-9e36-49e815a08c70
56941088476:SUCCESS
56941088476:ENCOLADO ans_2ea04ee1-072e-4408-aa44-6e41eadea413
EJECUTANDO:ans_2ea04ee1-072e-4408-aa44-6e41eadea413
56941088476:SUCCESS
56941088476:ENCOLADO ans_a6be0448-c1ec-485b-9e36-49e815a08c70
EJECUTANDO:ans_a6be0448-c1ec-485b-9e36-49e815a08c70
56941088476:SUCCESS
56941088476:ENCOLADO ans_2ea04ee1-072e-4408-aa44-6e41eadea413
EJECUTANDO:ans_2ea04ee1-072e-4408-aa44-6e41eadea413
56941088476:SUCCESS
56941088476:ENCOLADO ans_359e3e57-4af9-4326-ac82-a2789641a264
EJECUTANDO:ans_359e3e57-4af9-4326-ac82-a2789641a264
56941088476:SUCCESS
56941088476:ENCOLADO ans_b7e25109-55ad-47f9-b07e-7db0aae53366
EJECUTANDO:ans_b7e25109-55ad-47f9-b07e-7db0aae53366
56941088476:ENCOLADO ans_0649a369-54af-40a2-9f7d-01aa5289365f
56941088476:ENCOLADO ans_a6be0448-c1ec-485b-9e36-49e815a08c70
56941088476:ENCOLADO ans_a6be0448-c1ec-485b-9e36-49e815a08c70
56941088476:ENCOLADO ans_2ea04ee1-072e-4408-aa44-6e41eadea413
EJECUTANDO:ans_2ea04ee1-072e-4408-aa44-6e41eadea413
56941088476:SUCCESS
56941088476:ENCOLADO ans_d2541628-ce7c-4623-9ea2-ed3ea4f6ae93
EJECUTANDO:ans_d2541628-ce7c-4623-9ea2-ed3ea4f6ae93
56941088476:SUCCESS
56941088476:ENCOLADO ans_da24cf05-d7ee-4156-a78d-caf197cdbd57
EJECUTANDO:ans_da24cf05-d7ee-4156-a78d-caf197cdbd57
56941088476:SUCCESS
56941088476:ENCOLADO ans_2afb50d1-69e2-4e3f-b1c3-ffe473177212
EJECUTANDO:ans_2afb50d1-69e2-4e3f-b1c3-ffe473177212
56941088476:ENCOLADO ans_d2541628-ce7c-4623-9ea2-ed3ea4f6ae93
56941088476:ENCOLADO ans_0649a369-54af-40a2-9f7d-01aa5289365f
56941088476:ENCOLADO ans_0649a369-54af-40a2-9f7d-01aa5289365f
56941088476:ENCOLADO ans_0649a369-54af-40a2-9f7d-01aa5289365f
EJECUTANDO:ans_0649a369-54af-40a2-9f7d-01aa5289365f
56941088476:SUCCESS
56941088476:ENCOLADO ans_0649a369-54af-40a2-9f7d-01aa5289365f
EJECUTANDO:ans_0649a369-54af-40a2-9f7d-01aa5289365f
56941088476:SUCCESS
